Arguments: 
  /home/nick/.nvm/versions/node/v12.9.0/bin/node /home/nick/.nvm/versions/node/v12.9.0/bin/yarn init

PATH: 
  /home/nick/.cabal/bin:/home/nick/.ghcup/bin:/home/nick/Programs/kafka_2.12-2.3.0/bin:/home/nick/.cabal/bin:/home/nick/.ghcup/bin:/home/nick/Programs/kafka_2.12-2.3.0/bin:/home/nick/.nvm/versions/node/v12.9.0/bin:/home/nick/Programs/minikube:/home/nick/.local/bin:/home/nick/anaconda3/bin:/home/nick/.local/bin:/usr/local/sbin:/usr/local/bin:/usr/sbin:/usr/bin:/sbin:/bin:/usr/games:/usr/local/games:/snap/bin:/home/nick/Programs/binaryninja

Yarn version: 
  1.19.1

Node version: 
  12.9.0

Platform: 
  linux x64

Trace: 
  Error: canceled
      at Interface.<anonymous> (/home/nick/.nvm/versions/node/v12.9.0/lib/node_modules/yarn/lib/cli.js:136824:13)
      at Interface.emit (events.js:209:13)
      at Interface._ttyWrite (readline.js:887:16)
      at ReadStream.onkeypress (readline.js:191:10)
      at ReadStream.emit (events.js:209:13)
      at emitKeys (internal/readline/utils.js:414:14)
      at emitKeys.next (<anonymous>)
      at ReadStream.onData (readline.js:1153:36)
      at ReadStream.emit (events.js:209:13)
      at addChunk (_stream_readable.js:305:12)

npm manifest: 
  No manifest

yarn manifest: 
  No manifest

Lockfile: 
  No lockfile
